<?xml version="1.0" encoding="UTF-8"?>
<!-- Generated by org.testng.reporters.JUnitReportReporter -->
<testsuite skipped="0" hostname="DESKTOP-1RJQ60A" name="org.testing.testcase.TC5_DeleteRequest" tests="1" failures="0" timestamp="2022-10-11T22:48:46 IST" time="0.057" errors="0">
  <testcase name="TC5_DeleteRecord" time="0.057" classname="org.testing.testcase.TC5_DeleteRequest"/>
  <system-out/>
</testsuite> <!-- org.testing.testcase.TC5_DeleteRequest -->
