<?xml version="1.0" encoding="UTF-8"?>
<!-- Generated by org.testng.reporters.JUnitReportReporter -->
<testsuite hostname="DESKTOP-1RJQ60A" failures="0" tests="1" name="org.testing.testcase.TC1_PostRequest" time="2.189" errors="0" timestamp="2022-10-14T17:34:43 IST" skipped="0">
  <testcase classname="org.testing.testcase.TC1_PostRequest" name="TC1_PostRequestMethod" time="2.189"/>
  <system-out/>
</testsuite> <!-- org.testing.testcase.TC1_PostRequest -->
