<?xml version="1.0" encoding="UTF-8"?>
<!-- Generated by org.testng.reporters.JUnitReportReporter -->
<testsuite skipped="0" hostname="DESKTOP-1RJQ60A" name="org.testing.testcase.TC2_GetAllRecordsRequest" tests="1" failures="0" timestamp="2022-10-11T22:48:46 IST" time="0.066" errors="0">
  <testcase name="TC2_GetAllRecordsMethod" time="0.066" classname="org.testing.testcase.TC2_GetAllRecordsRequest"/>
  <system-out/>
</testsuite> <!-- org.testing.testcase.TC2_GetAllRecordsRequest -->
