<?xml version="1.0" encoding="UTF-8"?>
<!-- Generated by org.testng.reporters.JUnitReportReporter -->
<testsuite hostname="DESKTOP-1RJQ60A" failures="0" tests="1" name="org.testing.testcase.TC4_PutRequest" time="0.061" errors="0" timestamp="2022-10-14T17:34:43 IST" skipped="0">
  <testcase classname="org.testing.testcase.TC4_PutRequest" name="TC4_UpdatePutRequest" time="0.061"/>
  <system-out/>
</testsuite> <!-- org.testing.testcase.TC4_PutRequest -->
