<?xml version="1.0" encoding="UTF-8"?>
<!-- Generated by org.testng.reporters.JUnitReportReporter -->
<testsuite hostname="DESKTOP-1RJQ60A" failures="0" tests="1" name="org.testing.TestCases.TC6_Online" time="3.739" errors="0" timestamp="2022-10-14T00:55:00 IST" skipped="0">
  <testcase classname="org.testing.TestCases.TC6_Online" name="TC6_PostReqOnlineAPI" time="3.739"/>
  <system-out/>
</testsuite> <!-- org.testing.TestCases.TC6_Online -->
