<?xml version="1.0" encoding="UTF-8"?>
<!-- Generated by org.testng.reporters.JUnitReportReporter -->
<testsuite hostname="DESKTOP-1RJQ60A" failures="0" tests="1" name="org.testing.TestCases.TC1" time="2.573" errors="0" timestamp="2022-10-18T19:22:19 IST" skipped="0">
  <testcase classname="org.testing.TestCases.TC1" name="TestCase1" time="2.573"/>
  <system-out/>
</testsuite> <!-- org.testing.TestCases.TC1 -->
